<?xml version="1.0" encoding="UTF-8"?>
<!-- Generated by org.testng.reporters.JUnitReportReporter -->
<testsuite hostname="DESKTOP-531NER0" failures="0" tests="1" name="shiftwizardproject.removeshift" time="17.222" errors="0" timestamp="2022-08-09T11:35:39 IST" skipped="0">
  <testcase classname="shiftwizardproject.removeshift" name="editshift" time="17.222"/>
  <system-out/>
</testsuite> <!-- shiftwizardproject.removeshift -->
