<?xml version="1.0" encoding="UTF-8"?>
<!-- Generated by org.testng.reporters.JUnitReportReporter -->
<testsuite hostname="DESKTOP-531NER0" failures="0" tests="1" name="sw.dailyschedule.incremetnreq_test" time="27.329" errors="0" timestamp="2022-09-08T14:59:42 IST" skipped="0">
  <testcase classname="sw.dailyschedule.incremetnreq_test" name="follopath" time="27.329"/>
  <system-out/>
</testsuite> <!-- sw.dailyschedule.incremetnreq_test -->
