<?xml version="1.0" encoding="UTF-8"?>
<!-- Generated by org.testng.reporters.JUnitReportReporter -->
<testsuite hostname="DESKTOP-531NER0" failures="0" tests="1" name="shiftwizardproject.manageaddshift" time="23.174" errors="0" timestamp="2022-08-10T17:33:36 IST" skipped="0">
  <testcase classname="shiftwizardproject.manageaddshift" name="reassignshift" time="23.174"/>
  <system-out/>
</testsuite> <!-- shiftwizardproject.manageaddshift -->
