<?xml version="1.0" encoding="UTF-8"?>
<!-- Generated by org.testng.reporters.JUnitReportReporter -->
<testsuite hostname="DESKTOP-531NER0" failures="0" tests="1" name="sw.dailyschedule.addshift" time="22.839" errors="0" timestamp="2022-09-08T14:42:37 IST" skipped="0">
  <testcase classname="sw.dailyschedule.addshift" name="addshift" time="22.839"/>
  <system-out/>
</testsuite> <!-- sw.dailyschedule.addshift -->
