<?xml version="1.0" encoding="UTF-8"?>
<!-- Generated by org.testng.reporters.JUnitReportReporter -->
<testsuite hostname="DESKTOP-531NER0" failures="0" tests="1" name="shiftwizardproject.addicon" time="24.155" errors="0" timestamp="2022-08-10T13:01:19 IST" skipped="0">
  <testcase classname="shiftwizardproject.addicon" name="reassignshift" time="24.155"/>
  <system-out/>
</testsuite> <!-- shiftwizardproject.addicon -->
