<?xml version="1.0" encoding="UTF-8"?>
<!-- Generated by org.testng.reporters.JUnitReportReporter -->
<testsuite hostname="DESKTOP-531NER0" failures="0" tests="1" name="shiftwizardproject.editshift" time="68.636" errors="0" timestamp="2022-08-09T11:02:53 IST" skipped="0">
  <testcase classname="shiftwizardproject.editshift" name="editshift" time="68.636"/>
  <system-out/>
</testsuite> <!-- shiftwizardproject.editshift -->
