<?xml version="1.0" encoding="UTF-8"?>
<!-- Generated by org.testng.reporters.JUnitReportReporter -->
<testsuite hostname="DESKTOP-531NER0" failures="0" tests="1" name="sw.dailyschedule.replacestaffsecond" time="44.728" errors="0" timestamp="2022-09-08T15:24:31 IST" skipped="0">
  <testcase classname="sw.dailyschedule.replacestaffsecond" name="replaceshift" time="44.728"/>
  <system-out/>
</testsuite> <!-- sw.dailyschedule.replacestaffsecond -->
