<?xml version="1.0" encoding="UTF-8"?>
<!-- Generated by org.testng.reporters.JUnitReportReporter -->
<testsuite hostname="DESKTOP-531NER0" failures="0" tests="1" name="shiftwizardproject.manageshift" time="22.135" errors="0" timestamp="2022-08-10T16:45:24 IST" skipped="0">
  <testcase classname="shiftwizardproject.manageshift" name="reassignshift" time="22.135"/>
  <system-out/>
</testsuite> <!-- shiftwizardproject.manageshift -->
