<?xml version="1.0" encoding="UTF-8"?>
<!-- Generated by org.testng.reporters.JUnitReportReporter -->
<testsuite hostname="DESKTOP-531NER0" failures="0" tests="1" name="shiftwizardproject.replacestaff" time="18.049" errors="0" timestamp="2022-08-10T14:43:36 IST" skipped="0">
  <testcase classname="shiftwizardproject.replacestaff" name="replaceshift" time="18.049"/>
  <system-out/>
</testsuite> <!-- shiftwizardproject.replacestaff -->
