<?xml version="1.0" encoding="UTF-8"?>
<!-- Generated by org.testng.reporters.JUnitReportReporter -->
<testsuite hostname="DESKTOP-531NER0" failures="0" tests="1" name="sw.dailyschedule.shifticonticket2" time="79.414" errors="0" timestamp="2022-08-29T18:28:50 IST" skipped="0">
  <testcase classname="sw.dailyschedule.shifticonticket2" name="deptschedule" time="79.414"/>
  <system-out/>
</testsuite> <!-- sw.dailyschedule.shifticonticket2 -->
