<?xml version="1.0" encoding="UTF-8"?>
<!-- Generated by org.testng.reporters.JUnitReportReporter -->
<testsuite hostname="DESKTOP-531NER0" failures="0" tests="1" name="shiftwizardproject.replacestaffsecond" time="38.599" errors="0" timestamp="2022-08-10T14:49:56 IST" skipped="0">
  <testcase classname="shiftwizardproject.replacestaffsecond" name="replaceshift" time="38.599"/>
  <system-out/>
</testsuite> <!-- shiftwizardproject.replacestaffsecond -->
