<?xml version="1.0" encoding="UTF-8"?>
<!-- Generated by org.testng.reporters.JUnitReportReporter -->
<testsuite hostname="DESKTOP-531NER0" failures="0" tests="1" name="temp.shiftDetails" time="0.940" errors="0" timestamp="2022-09-14T18:55:54 IST" skipped="0">
  <testcase classname="temp.shiftDetails" name="shiftcolor" time="0.940"/>
  <system-out/>
</testsuite> <!-- temp.shiftDetails -->
