<?xml version="1.0" encoding="UTF-8"?>
<!-- Generated by org.testng.reporters.JUnitReportReporter -->
<testsuite hostname="DESKTOP-531NER0" failures="0" tests="1" name="depatmentschedule.addshiftdpt" time="31.550" errors="0" timestamp="2022-09-07T18:46:39 IST" skipped="0">
  <testcase classname="depatmentschedule.addshiftdpt" name="deptaddshift" time="31.550"/>
  <system-out/>
</testsuite> <!-- depatmentschedule.addshiftdpt -->
