<?xml version="1.0" encoding="UTF-8"?>
<!-- Generated by org.testng.reporters.JUnitReportReporter -->
<testsuite hostname="DESKTOP-531NER0" failures="0" tests="1" name="sw.dailyschedule.removeshift" time="21.600" errors="0" timestamp="2022-09-08T15:17:04 IST" skipped="0">
  <testcase classname="sw.dailyschedule.removeshift" name="removeshift" time="21.600"/>
  <system-out/>
</testsuite> <!-- sw.dailyschedule.removeshift -->
