<?xml version="1.0" encoding="UTF-8"?>
<!-- Generated by org.testng.reporters.JUnitReportReporter -->
<testsuite hostname="DESKTOP-531NER0" failures="0" tests="1" name="sw.dailyschedule.editshift" time="77.494" errors="0" timestamp="2022-09-08T14:46:43 IST" skipped="0">
  <testcase classname="sw.dailyschedule.editshift" name="editshift" time="77.494"/>
  <system-out/>
</testsuite> <!-- sw.dailyschedule.editshift -->
