<?xml version="1.0" encoding="UTF-8"?>
<!-- Generated by org.testng.reporters.JUnitReportReporter -->
<testsuite hostname="DESKTOP-531NER0" failures="0" tests="1" name="sw.dailyschedule.testincredec" time="119.180" errors="0" timestamp="2022-09-08T14:37:23 IST" skipped="0">
  <testcase classname="sw.dailyschedule.testincredec" name="follopath" time="119.180"/>
  <system-out/>
</testsuite> <!-- sw.dailyschedule.testincredec -->
