<?xml version="1.0" encoding="UTF-8"?>
<!-- Generated by org.testng.reporters.JUnitReportReporter -->
<testsuite hostname="DESKTOP-531NER0" failures="0" tests="1" name="temp.testcalendar" time="17.779" errors="0" timestamp="2022-08-30T18:58:02 IST" skipped="0">
  <testcase classname="temp.testcalendar" name="deptschedule" time="17.779"/>
  <system-out/>
</testsuite> <!-- temp.testcalendar -->
