<?xml version="1.0" encoding="UTF-8"?>
<!-- Generated by org.testng.reporters.JUnitReportReporter -->
<testsuite hostname="DESKTOP-531NER0" failures="0" tests="1" name="temp.findshiftcolor" time="11.663" errors="0" timestamp="2022-09-14T12:37:32 IST" skipped="0">
  <testcase classname="temp.findshiftcolor" name="shiftcolor" time="11.663"/>
  <system-out/>
</testsuite> <!-- temp.findshiftcolor -->
