<?xml version="1.0" encoding="UTF-8"?>
<!-- Generated by org.testng.reporters.JUnitReportReporter -->
<testsuite hostname="DESKTOP-531NER0" failures="0" tests="1" name="temp.lockedweeks2" time="11.561" errors="0" timestamp="2022-09-09T16:10:28 IST" skipped="0">
  <testcase classname="temp.lockedweeks2" name="deptaddshift" time="11.561"/>
  <system-out/>
</testsuite> <!-- temp.lockedweeks2 -->
