<?xml version="1.0" encoding="UTF-8"?>
<!-- Generated by org.testng.reporters.JUnitReportReporter -->
<testsuite hostname="DESKTOP-531NER0" failures="0" tests="1" name="sw.dailyschedule.incremetnreq" time="74.271" errors="0" timestamp="2022-08-25T11:03:39 IST" skipped="0">
  <testcase classname="sw.dailyschedule.incremetnreq" name="follopath" time="74.271"/>
  <system-out/>
</testsuite> <!-- sw.dailyschedule.incremetnreq -->
