<?xml version="1.0" encoding="UTF-8"?>
<!-- Generated by org.testng.reporters.JUnitReportReporter -->
<testsuite hostname="DESKTOP-531NER0" failures="0" tests="3" name="shiftwizardproject.login" time="22.192" errors="0" timestamp="2022-08-04T12:10:10 IST" skipped="0">
  <testcase classname="shiftwizardproject.login" name="login" time="7.430"/>
  <system-out/>
  <testcase classname="shiftwizardproject.login" name="login" time="7.403"/>
  <system-out/>
  <testcase classname="shiftwizardproject.login" name="login" time="7.359"/>
  <system-out/>
</testsuite> <!-- shiftwizardproject.login -->
