<?xml version="1.0" encoding="UTF-8"?>
<!-- Generated by org.testng.reporters.JUnitReportReporter -->
<testsuite hostname="DESKTOP-531NER0" failures="0" tests="1" name="template.newtemp" time="16.563" errors="0" timestamp="2022-09-15T16:48:59 IST" skipped="0">
  <testcase classname="template.newtemp" name="shiftcolor" time="16.563"/>
  <system-out/>
</testsuite> <!-- template.newtemp -->
