<?xml version="1.0" encoding="UTF-8"?>
<!-- Generated by org.testng.reporters.JUnitReportReporter -->
<testsuite hostname="DESKTOP-531NER0" failures="0" tests="3" name="ShiftwizardExcel.login" time="34.210" errors="0" timestamp="2022-08-04T13:20:08 IST" skipped="0">
  <testcase classname="ShiftwizardExcel.login" name="login" time="19.569"/>
  <system-out/>
  <testcase classname="ShiftwizardExcel.login" name="login" time="7.421"/>
  <system-out/>
  <testcase classname="ShiftwizardExcel.login" name="login" time="7.220"/>
  <system-out/>
</testsuite> <!-- ShiftwizardExcel.login -->
